# JRE version: OpenJDK Runtime Environment (21.0.5) (build 21.0.5+-13047016-b750.29)
# Java VM: OpenJDK 64-Bit Server VM (21.0.5+-13047016-b750.29, mixed mode, tiered, compressed oops, compressed class ptrs, g1 gc, windows-amd64)
GC Precious Log:
 CardTable entry size: 512
 Card Set container configuration: InlinePtr #cards 5 size 8 Array Of Cards #cards 12 size 40 Howl #buckets 4 coarsen threshold 1843 Howl Bitmap #cards 512 size 80 coarsen threshold 460 Card regions per heap region 1 cards per card region 2048
 CPUs: 12 total, 12 available
 Memory: 15706M
 Large Page Support: Disabled
 NUMA Support: Disabled
 Compressed Oops: Enabled (32-bit)
 Heap Region Size: 1M
 Heap Min Capacity: 8M
 Heap Initial Capacity: 246M
 Heap Max Capacity: 2G
 Pre-touch: Disabled
 Parallel Workers: 10
 Concurrent Workers: 3
 Concurrent Refinement Workers: 10
 Periodic GC: Disabled
Heap:
 garbage-first heap   total 506880K, used 342959K [0x0000000080000000, 0x0000000100000000)
  region size 1024K, 127 young (130048K), 27 survivors (27648K)
 Metaspace       used 172091K, committed 174592K, reserved 1245184K
  class space    used 22245K, committed 23488K, reserved 1048576K
GC Heap History (20 events):
Event: 58.294 GC heap before
{Heap before GC invocations=57 (full 0):
 garbage-first heap   total 442368K, used 372132K [0x0000000080000000, 0x0000000100000000)
  region size 1024K, 110 young (112640K), 4 survivors (4096K)
 Metaspace       used 130602K, committed 132736K, reserved 1179648K
  class space    used 17379K, committed 18432K, reserved 1048576K
}
Event: 58.299 GC heap after
{Heap after GC invocations=58 (full 0):
 garbage-first heap   total 442368K, used 231987K [0x0000000080000000, 0x0000000100000000)
  region size 1024K, 3 young (3072K), 3 survivors (3072K)
 Metaspace       used 130602K, committed 132736K, reserved 1179648K
  class space    used 17379K, committed 18432K, reserved 1048576K
}
Event: 63.813 GC heap before
{Heap before GC invocations=58 (full 0):
 garbage-first heap   total 442368K, used 421427K [0x0000000080000000, 0x0000000100000000)
  region size 1024K, 181 young (185344K), 3 survivors (3072K)
 Metaspace       used 140737K, committed 142976K, reserved 1179648K
  class space    used 18699K, committed 19840K, reserved 1048576K
}
Event: 63.838 GC heap after
{Heap after GC invocations=59 (full 0):
 garbage-first heap   total 443392K, used 208822K [0x0000000080000000, 0x0000000100000000)
  region size 1024K, 9 young (9216K), 9 survivors (9216K)
 Metaspace       used 140737K, committed 142976K, reserved 1179648K
  class space    used 18699K, committed 19840K, reserved 1048576K
}
Event: 65.013 GC heap before
{Heap before GC invocations=59 (full 0):
 garbage-first heap   total 443392K, used 318390K [0x0000000080000000, 0x0000000100000000)
  region size 1024K, 118 young (120832K), 9 survivors (9216K)
 Metaspace       used 146309K, committed 148544K, reserved 1179648K
  class space    used 19414K, committed 20544K, reserved 1048576K
}
Event: 65.029 GC heap after
{Heap after GC invocations=60 (full 0):
 garbage-first heap   total 443392K, used 212163K [0x0000000080000000, 0x0000000100000000)
  region size 1024K, 15 young (15360K), 15 survivors (15360K)
 Metaspace       used 146309K, committed 148544K, reserved 1179648K
  class space    used 19414K, committed 20544K, reserved 1048576K
}
Event: 138.086 GC heap before
{Heap before GC invocations=61 (full 0):
 garbage-first heap   total 443392K, used 409795K [0x0000000080000000, 0x0000000100000000)
  region size 1024K, 202 young (206848K), 15 survivors (15360K)
 Metaspace       used 153650K, committed 156032K, reserved 1245184K
  class space    used 20084K, committed 21248K, reserved 1048576K
}
Event: 138.120 GC heap after
{Heap after GC invocations=62 (full 0):
 garbage-first heap   total 449536K, used 205860K [0x0000000080000000, 0x0000000100000000)
  region size 1024K, 26 young (26624K), 26 survivors (26624K)
 Metaspace       used 153650K, committed 156032K, reserved 1245184K
  class space    used 20084K, committed 21248K, reserved 1048576K
}
Event: 430.169 GC heap before
{Heap before GC invocations=62 (full 0):
 garbage-first heap   total 449536K, used 447524K [0x0000000080000000, 0x0000000100000000)
  region size 1024K, 200 young (204800K), 26 survivors (26624K)
 Metaspace       used 159979K, committed 162432K, reserved 1245184K
  class space    used 20840K, committed 22016K, reserved 1048576K
}
Event: 430.225 GC heap after
{Heap after GC invocations=63 (full 0):
 garbage-first heap   total 506880K, used 244173K [0x0000000080000000, 0x0000000100000000)
  region size 1024K, 22 young (22528K), 22 survivors (22528K)
 Metaspace       used 159979K, committed 162432K, reserved 1245184K
  class space    used 20840K, committed 22016K, reserved 1048576K
}
Event: 430.679 GC heap before
{Heap before GC invocations=63 (full 0):
 garbage-first heap   total 506880K, used 270797K [0x0000000080000000, 0x0000000100000000)
  region size 1024K, 49 young (50176K), 22 survivors (22528K)
 Metaspace       used 162287K, committed 164736K, reserved 1245184K
  class space    used 21150K, committed 22336K, reserved 1048576K
}
Event: 430.692 GC heap after
{Heap after GC invocations=64 (full 0):
 garbage-first heap   total 506880K, used 248320K [0x0000000080000000, 0x0000000100000000)
  region size 1024K, 4 young (4096K), 4 survivors (4096K)
 Metaspace       used 162287K, committed 164736K, reserved 1245184K
  class space    used 21150K, committed 22336K, reserved 1048576K
}
Event: 436.271 GC heap before
{Heap before GC invocations=65 (full 0):
 garbage-first heap   total 506880K, used 446976K [0x0000000080000000, 0x0000000100000000)
  region size 1024K, 209 young (214016K), 4 survivors (4096K)
 Metaspace       used 161972K, committed 164608K, reserved 1245184K
  class space    used 21122K, committed 22336K, reserved 1048576K
}
Event: 436.292 GC heap after
{Heap after GC invocations=66 (full 0):
 garbage-first heap   total 506880K, used 259072K [0x0000000080000000, 0x0000000100000000)
  region size 1024K, 27 young (27648K), 27 survivors (27648K)
 Metaspace       used 161972K, committed 164608K, reserved 1245184K
  class space    used 21122K, committed 22336K, reserved 1048576K
}
Event: 443.763 GC heap before
{Heap before GC invocations=66 (full 0):
 garbage-first heap   total 506880K, used 450560K [0x0000000080000000, 0x0000000100000000)
  region size 1024K, 214 young (219136K), 27 survivors (27648K)
 Metaspace       used 161972K, committed 164608K, reserved 1245184K
  class space    used 21122K, committed 22336K, reserved 1048576K
}
Event: 443.801 GC heap after
{Heap after GC invocations=67 (full 0):
 garbage-first heap   total 506880K, used 230707K [0x0000000080000000, 0x0000000100000000)
  region size 1024K, 10 young (10240K), 10 survivors (10240K)
 Metaspace       used 161972K, committed 164608K, reserved 1245184K
  class space    used 21122K, committed 22336K, reserved 1048576K
}
Event: 444.684 GC heap before
{Heap before GC invocations=67 (full 0):
 garbage-first heap   total 506880K, used 260403K [0x0000000080000000, 0x0000000100000000)
  region size 1024K, 40 young (40960K), 10 survivors (10240K)
 Metaspace       used 161972K, committed 164608K, reserved 1245184K
  class space    used 21122K, committed 22336K, reserved 1048576K
}
Event: 444.692 GC heap after
{Heap after GC invocations=68 (full 0):
 garbage-first heap   total 506880K, used 231107K [0x0000000080000000, 0x0000000100000000)
  region size 1024K, 11 young (11264K), 11 survivors (11264K)
 Metaspace       used 161972K, committed 164608K, reserved 1245184K
  class space    used 21122K, committed 22336K, reserved 1048576K
}
Event: 2602.543 GC heap before
{Heap before GC invocations=69 (full 0):
 garbage-first heap   total 506880K, used 449219K [0x0000000080000000, 0x0000000100000000)
  region size 1024K, 211 young (216064K), 11 survivors (11264K)
 Metaspace       used 171930K, committed 174464K, reserved 1245184K
  class space    used 22238K, committed 23488K, reserved 1048576K
}
Event: 2602.567 GC heap after
{Heap after GC invocations=70 (full 0):
 garbage-first heap   total 506880K, used 242607K [0x0000000080000000, 0x0000000100000000)
  region size 1024K, 27 young (27648K), 27 survivors (27648K)
 Metaspace       used 171930K, committed 174464K, reserved 1245184K
  class space    used 22238K, committed 23488K, reserved 1048576K
}

