# JRE version: OpenJDK Runtime Environment (21.0.6) (build 21.0.6+-13368085-b895.109)
# Java VM: OpenJDK 64-Bit Server VM (21.0.6+-13368085-b895.109, mixed mode, tiered, compressed oops, compressed class ptrs, g1 gc, windows-amd64)
GC Precious Log:
 CardTable entry size: 512
 Card Set container configuration: InlinePtr #cards 5 size 8 Array Of Cards #cards 12 size 40 Howl #buckets 4 coarsen threshold 1843 Howl Bitmap #cards 512 size 80 coarsen threshold 460 Card regions per heap region 1 cards per card region 2048
 CPUs: 12 total, 12 available
 Memory: 15706M
 Large Page Support: Disabled
 NUMA Support: Disabled
 Compressed Oops: Enabled (32-bit)
 Heap Region Size: 1M
 Heap Min Capacity: 8M
 Heap Initial Capacity: 246M
 Heap Max Capacity: 2G
 Pre-touch: Disabled
 Parallel Workers: 10
 Concurrent Workers: 3
 Concurrent Refinement Workers: 10
 Periodic GC: Disabled
Heap:
 garbage-first heap   total 94208K, used 62844K [0x0000000080000000, 0x0000000100000000)
  region size 1024K, 11 young (11264K), 3 survivors (3072K)
 Metaspace       used 76956K, committed 78720K, reserved 1179648K
  class space    used 10315K, committed 11200K, reserved 1048576K
GC Heap History (20 events):
Event: 15.412 GC heap before
{Heap before GC invocations=13 (full 0):
 garbage-first heap   total 68608K, used 58921K [0x0000000080000000, 0x0000000100000000)
  region size 1024K, 27 young (27648K), 4 survivors (4096K)
 Metaspace       used 57197K, committed 58688K, reserved 1114112K
  class space    used 7837K, committed 8576K, reserved 1048576K
}
Event: 15.418 GC heap after
{Heap after GC invocations=14 (full 0):
 garbage-first heap   total 68608K, used 36751K [0x0000000080000000, 0x0000000100000000)
  region size 1024K, 3 young (3072K), 3 survivors (3072K)
 Metaspace       used 57197K, committed 58688K, reserved 1114112K
  class space    used 7837K, committed 8576K, reserved 1048576K
}
Event: 16.322 GC heap before
{Heap before GC invocations=15 (full 0):
 garbage-first heap   total 68608K, used 61327K [0x0000000080000000, 0x0000000100000000)
  region size 1024K, 27 young (27648K), 3 survivors (3072K)
 Metaspace       used 61896K, committed 63424K, reserved 1114112K
  class space    used 8442K, committed 9216K, reserved 1048576K
}
Event: 16.327 GC heap after
{Heap after GC invocations=16 (full 0):
 garbage-first heap   total 68608K, used 39245K [0x0000000080000000, 0x0000000100000000)
  region size 1024K, 4 young (4096K), 4 survivors (4096K)
 Metaspace       used 61896K, committed 63424K, reserved 1114112K
  class space    used 8442K, committed 9216K, reserved 1048576K
}
Event: 17.837 GC heap before
{Heap before GC invocations=16 (full 0):
 garbage-first heap   total 68608K, used 59725K [0x0000000080000000, 0x0000000100000000)
  region size 1024K, 24 young (24576K), 4 survivors (4096K)
 Metaspace       used 65517K, committed 67072K, reserved 1114112K
  class space    used 8909K, committed 9664K, reserved 1048576K
}
Event: 17.844 GC heap after
{Heap after GC invocations=17 (full 0):
 garbage-first heap   total 68608K, used 41687K [0x0000000080000000, 0x0000000100000000)
  region size 1024K, 3 young (3072K), 3 survivors (3072K)
 Metaspace       used 65517K, committed 67072K, reserved 1114112K
  class space    used 8909K, committed 9664K, reserved 1048576K
}
Event: 18.592 GC heap before
{Heap before GC invocations=17 (full 0):
 garbage-first heap   total 68608K, used 59095K [0x0000000080000000, 0x0000000100000000)
  region size 1024K, 21 young (21504K), 3 survivors (3072K)
 Metaspace       used 66106K, committed 67712K, reserved 1114112K
  class space    used 8968K, committed 9792K, reserved 1048576K
}
Event: 18.598 GC heap after
{Heap after GC invocations=18 (full 0):
 garbage-first heap   total 68608K, used 43600K [0x0000000080000000, 0x0000000100000000)
  region size 1024K, 3 young (3072K), 3 survivors (3072K)
 Metaspace       used 66106K, committed 67712K, reserved 1114112K
  class space    used 8968K, committed 9792K, reserved 1048576K
}
Event: 20.385 GC heap before
{Heap before GC invocations=19 (full 0):
 garbage-first heap   total 76800K, used 63056K [0x0000000080000000, 0x0000000100000000)
  region size 1024K, 18 young (18432K), 3 survivors (3072K)
 Metaspace       used 66829K, committed 68480K, reserved 1114112K
  class space    used 9096K, committed 9920K, reserved 1048576K
}
Event: 20.389 GC heap after
{Heap after GC invocations=20 (full 0):
 garbage-first heap   total 76800K, used 53609K [0x0000000080000000, 0x0000000100000000)
  region size 1024K, 3 young (3072K), 3 survivors (3072K)
 Metaspace       used 66829K, committed 68480K, reserved 1114112K
  class space    used 9096K, committed 9920K, reserved 1048576K
}
Event: 20.821 GC heap before
{Heap before GC invocations=20 (full 0):
 garbage-first heap   total 76800K, used 66921K [0x0000000080000000, 0x0000000100000000)
  region size 1024K, 16 young (16384K), 3 survivors (3072K)
 Metaspace       used 67781K, committed 69440K, reserved 1114112K
  class space    used 9204K, committed 10048K, reserved 1048576K
}
Event: 20.825 GC heap after
{Heap after GC invocations=21 (full 0):
 garbage-first heap   total 76800K, used 55116K [0x0000000080000000, 0x0000000100000000)
  region size 1024K, 1 young (1024K), 1 survivors (1024K)
 Metaspace       used 67781K, committed 69440K, reserved 1114112K
  class space    used 9204K, committed 10048K, reserved 1048576K
}
Event: 21.254 GC heap before
{Heap before GC invocations=21 (full 0):
 garbage-first heap   total 76800K, used 67404K [0x0000000080000000, 0x0000000100000000)
  region size 1024K, 14 young (14336K), 1 survivors (1024K)
 Metaspace       used 68941K, committed 70656K, reserved 1114112K
  class space    used 9357K, committed 10240K, reserved 1048576K
}
Event: 21.257 GC heap after
{Heap after GC invocations=22 (full 0):
 garbage-first heap   total 76800K, used 55453K [0x0000000080000000, 0x0000000100000000)
  region size 1024K, 2 young (2048K), 2 survivors (2048K)
 Metaspace       used 68941K, committed 70656K, reserved 1114112K
  class space    used 9357K, committed 10240K, reserved 1048576K
}
Event: 21.760 GC heap before
{Heap before GC invocations=23 (full 0):
 garbage-first heap   total 94208K, used 67741K [0x0000000080000000, 0x0000000100000000)
  region size 1024K, 14 young (14336K), 2 survivors (2048K)
 Metaspace       used 70122K, committed 71808K, reserved 1114112K
  class space    used 9512K, committed 10368K, reserved 1048576K
}
Event: 21.764 GC heap after
{Heap after GC invocations=24 (full 0):
 garbage-first heap   total 94208K, used 55872K [0x0000000080000000, 0x0000000100000000)
  region size 1024K, 1 young (1024K), 1 survivors (1024K)
 Metaspace       used 70122K, committed 71808K, reserved 1114112K
  class space    used 9512K, committed 10368K, reserved 1048576K
}
Event: 22.528 GC heap before
{Heap before GC invocations=24 (full 0):
 garbage-first heap   total 94208K, used 80448K [0x0000000080000000, 0x0000000100000000)
  region size 1024K, 26 young (26624K), 1 survivors (1024K)
 Metaspace       used 73096K, committed 74752K, reserved 1114112K
  class space    used 9805K, committed 10624K, reserved 1048576K
}
Event: 22.533 GC heap after
{Heap after GC invocations=25 (full 0):
 garbage-first heap   total 94208K, used 55668K [0x0000000080000000, 0x0000000100000000)
  region size 1024K, 2 young (2048K), 2 survivors (2048K)
 Metaspace       used 73096K, committed 74752K, reserved 1114112K
  class space    used 9805K, committed 10624K, reserved 1048576K
}
Event: 23.335 GC heap before
{Heap before GC invocations=25 (full 0):
 garbage-first heap   total 94208K, used 81268K [0x0000000080000000, 0x0000000100000000)
  region size 1024K, 28 young (28672K), 2 survivors (2048K)
 Metaspace       used 76200K, committed 77952K, reserved 1179648K
  class space    used 10180K, committed 11072K, reserved 1048576K
}
Event: 23.339 GC heap after
{Heap after GC invocations=26 (full 0):
 garbage-first heap   total 94208K, used 56700K [0x0000000080000000, 0x0000000100000000)
  region size 1024K, 3 young (3072K), 3 survivors (3072K)
 Metaspace       used 76200K, committed 77952K, reserved 1179648K
  class space    used 10180K, committed 11072K, reserved 1048576K
}

